<?xml version="1.0" encoding="UTF-8"?>
<!-- Generated by org.testng.reporters.JUnitReportReporter -->
<testsuite name="com.dice.SecondTest" tests="1" time="10.004" ignored="0" failures="0" timestamp="11 Sep 2020 20:33:21 GMT" skipped="0" hostname="CPX-MKUS5XEJVZP" errors="0">
  <testcase name="secondTestMethod" time="10.004" classname="com.dice.SecondTest"/>
</testsuite> <!-- com.dice.SecondTest -->
