<?xml version="1.0" encoding="UTF-8"?>
<!-- Generated by org.testng.reporters.JUnitReportReporter -->
<testsuite name="com.dice.FirstTest" tests="1" time="13.235" ignored="0" failures="0" timestamp="11 Sep 2020 20:33:21 GMT" skipped="0" hostname="CPX-MKUS5XEJVZP" errors="0">
  <testcase name="firstTestMethod" time="13.235" classname="com.dice.FirstTest"/>
</testsuite> <!-- com.dice.FirstTest -->
