<?xml version="1.0" encoding="UTF-8"?>
<!-- Generated by org.testng.reporters.JUnitReportReporter -->
<testsuite name="com.dice.LogInTest" tests="2" time="70.193" ignored="2" failures="0" timestamp="15 Sep 2020 10:12:16 GMT" skipped="0" hostname="CPX-MKUS5XEJVZP" errors="0">
  <testcase name="positiveLogInTest" time="34.788" classname="com.dice.LogInTest"/>
  <testcase name="positiveLogInTest" time="35.405" classname="com.dice.LogInTest"/>
  <testcase name="negativeLogInTest" classname="com.dice.LogInTest">
    <skipped/>
  </testcase> <!-- negativeLogInTest -->
  <testcase name="negativeLogInTest" classname="com.dice.LogInTest">
    <skipped/>
  </testcase> <!-- negativeLogInTest -->
</testsuite> <!-- com.dice.LogInTest -->
